This is pdfTeX, Version 3.141592653-2.6-1.40.22 (TeX Live 2021) (preloaded format=pdflatex 2021.10.3)  29 NOV 2022 18:59
entering extended mode
 restricted \write18 enabled.
 file:line:error style messages enabled.
 %&-line parsing enabled.
**/home/fcortes/Documentos/Github/TypeExtract/doc/main.tex
(/home/fcortes/Documentos/Github/TypeExtract/doc/main.tex
LaTeX2e <2020-10-01> patch level 4
L3 programming layer <2021-02-18> (/home/fcortes/Documentos/Github/TypeExtract/doc/thesispuc.cls
Document Class: thesispuc 2021/01/25 v1.0.11 Thesis PUC-Rio document class
(/usr/local/texlive/2021/texmf-dist/tex/latex/base/ifthen.sty
Package: ifthen 2014/09/29 v1.1c Standard LaTeX ifthen package (DPC)
) (/usr/local/texlive/2021/texmf-dist/tex/generic/nth/nth.sty
Package: nth 2002/02/27
) (/usr/local/texlive/2021/texmf-dist/tex/generic/babel/babel.sty
Package: babel 2021/03/24 3.56 The Babel package
 (/usr/local/texlive/2021/texmf-dist/tex/generic/babel/babel.def
File: babel.def 2021/03/24 3.56 Babel common definitions
\babel@savecnt=\count179
\U@D=\dimen138
\l@babelnohyphens=\language87
 (/usr/local/texlive/2021/texmf-dist/tex/generic/babel/txtbabel.def)
\bbl@readstream=\read2
)
\bbl@dirlevel=\count180
 (/usr/local/texlive/2021/texmf-dist/tex/generic/babel-portuges/brazilian.ldf
Language: portuges 2021/02/04 v1.2s Portuguese support from the babel system
Package babel Info: \l@brazilian = using hyphenrules for portuguese
(babel)             (\language70) on input line 111.
Package babel Info: Making " an active character on input line 143.
) (/usr/local/texlive/2021/texmf-dist/tex/generic/babel-english/american.ldf
Language: american 2017/06/06 v3.3r English support from the babel system
 (/usr/local/texlive/2021/texmf-dist/tex/generic/babel-english/english.ldf
Language: english 2017/06/06 v3.3r English support from the babel system
Package babel Info: \l@canadian = using hyphenrules for english
(babel)             (\language0) on input line 102.
Package babel Info: \l@australian = using hyphenrules for ukenglish
(babel)             (\language21) on input line 105.
Package babel Info: \l@newzealand = using hyphenrules for ukenglish
(babel)             (\language21) on input line 108.
)) (/usr/local/texlive/2021/texmf-dist/tex/generic/babel-english/american.ldf
Language: american 2017/06/06 v3.3r English support from the babel system
 (/usr/local/texlive/2021/texmf-dist/tex/generic/babel-english/english.ldf
Language: english 2017/06/06 v3.3r English support from the babel system
))) (/usr/local/texlive/2021/texmf-dist/tex/latex/base/report.cls
Document Class: report 2020/04/10 v1.4m Standard LaTeX document class
(/usr/local/texlive/2021/texmf-dist/tex/latex/base/size12.clo
File: size12.clo 2020/04/10 v1.4m Standard LaTeX file (size option)
)
\c@part=\count181
\c@chapter=\count182
\c@section=\count183
\c@subsection=\count184
\c@subsubsection=\count185
\c@paragraph=\count186
\c@subparagraph=\count187
\c@figure=\count188
\c@table=\count189
\abovecaptionskip=\skip47
\belowcaptionskip=\skip48
\bibindent=\dimen139
) (/usr/local/texlive/2021/texmf-dist/tex/latex/base/inputenc.sty
Package: inputenc 2020/08/01 v1.3d Input encoding file
\inpenc@prehook=\toks15
\inpenc@posthook=\toks16
) (/usr/local/texlive/2021/texmf-dist/tex/latex/base/fontenc.sty
Package: fontenc 2020/08/10 v2.0s Standard LaTeX package
) (/usr/local/texlive/2021/texmf-dist/tex/latex/lm/lmodern.sty
Package: lmodern 2015/05/01 v1.6.1 Latin Modern Fonts
LaTeX Font Info:    Overwriting symbol font `operators' in version `normal'
(Font)                  OT1/cmr/m/n --> OT1/lmr/m/n on input line 22.
LaTeX Font Info:    Overwriting symbol font `letters' in version `normal'
(Font)                  OML/cmm/m/it --> OML/lmm/m/it on input line 23.
LaTeX Font Info:    Overwriting symbol font `symbols' in version `normal'
(Font)                  OMS/cmsy/m/n --> OMS/lmsy/m/n on input line 24.
LaTeX Font Info:    Overwriting symbol font `largesymbols' in version `normal'
(Font)                  OMX/cmex/m/n --> OMX/lmex/m/n on input line 25.
LaTeX Font Info:    Overwriting symbol font `operators' in version `bold'
(Font)                  OT1/cmr/bx/n --> OT1/lmr/bx/n on input line 26.
LaTeX Font Info:    Overwriting symbol font `letters' in version `bold'
(Font)                  OML/cmm/b/it --> OML/lmm/b/it on input line 27.
LaTeX Font Info:    Overwriting symbol font `symbols' in version `bold'
(Font)                  OMS/cmsy/b/n --> OMS/lmsy/b/n on input line 28.
LaTeX Font Info:    Overwriting symbol font `largesymbols' in version `bold'
(Font)                  OMX/cmex/m/n --> OMX/lmex/m/n on input line 29.
LaTeX Font Info:    Overwriting math alphabet `\mathbf' in version `normal'
(Font)                  OT1/cmr/bx/n --> OT1/lmr/bx/n on input line 31.
LaTeX Font Info:    Overwriting math alphabet `\mathsf' in version `normal'
(Font)                  OT1/cmss/m/n --> OT1/lmss/m/n on input line 32.
LaTeX Font Info:    Overwriting math alphabet `\mathit' in version `normal'
(Font)                  OT1/cmr/m/it --> OT1/lmr/m/it on input line 33.
LaTeX Font Info:    Overwriting math alphabet `\mathtt' in version `normal'
(Font)                  OT1/cmtt/m/n --> OT1/lmtt/m/n on input line 34.
LaTeX Font Info:    Overwriting math alphabet `\mathbf' in version `bold'
(Font)                  OT1/cmr/bx/n --> OT1/lmr/bx/n on input line 35.
LaTeX Font Info:    Overwriting math alphabet `\mathsf' in version `bold'
(Font)                  OT1/cmss/bx/n --> OT1/lmss/bx/n on input line 36.
LaTeX Font Info:    Overwriting math alphabet `\mathit' in version `bold'
(Font)                  OT1/cmr/bx/it --> OT1/lmr/bx/it on input line 37.
LaTeX Font Info:    Overwriting math alphabet `\mathtt' in version `bold'
(Font)                  OT1/cmtt/m/n --> OT1/lmtt/m/n on input line 38.
) (/usr/local/texlive/2021/texmf-dist/tex/latex/amsfonts/amsfonts.sty
Package: amsfonts 2013/01/14 v3.01 Basic AMSFonts support
\@emptytoks=\toks17
\symAMSa=\mathgroup4
\symAMSb=\mathgroup5
LaTeX Font Info:    Redeclaring math symbol \hbar on input line 98.
LaTeX Font Info:    Overwriting math alphabet `\mathfrak' in version `bold'
(Font)                  U/euf/m/n --> U/euf/b/n on input line 106.
) (/usr/local/texlive/2021/texmf-dist/tex/latex/titlecaps/titlecaps.sty
Package: titlecaps 2015/01/30 V1.2 Routines for setting rich-text input into Titling Caps
 (/usr/local/texlive/2021/texmf-dist/tex/latex/ifnextok/ifnextok.sty
Package: ifnextok 2011/06/27 v0.3 test next token (UL)
)
\c@lcword@index=\count190
\c@word@count=\count191
\c@lc@words=\count192
\c@dia@count=\count193
\c@arg@@@index=\count194
) (/usr/local/texlive/2021/texmf-dist/tex/latex/graphics/graphicx.sty
Package: graphicx 2020/09/09 v1.2b Enhanced LaTeX Graphics (DPC,SPQR)
 (/usr/local/texlive/2021/texmf-dist/tex/latex/graphics/keyval.sty
Package: keyval 2014/10/28 v1.15 key=value parser (DPC)
\KV@toks@=\toks18
) (/usr/local/texlive/2021/texmf-dist/tex/latex/graphics/graphics.sty
Package: graphics 2020/08/30 v1.4c Standard LaTeX Graphics (DPC,SPQR)
 (/usr/local/texlive/2021/texmf-dist/tex/latex/graphics/trig.sty
Package: trig 2016/01/03 v1.10 sin cos tan (DPC)
) (/usr/local/texlive/2021/texmf-dist/tex/latex/graphics-cfg/graphics.cfg
File: graphics.cfg 2016/06/04 v1.11 sample graphics configuration
)
Package graphics Info: Driver file: pdftex.def on input line 105.
 (/usr/local/texlive/2021/texmf-dist/tex/latex/graphics-def/pdftex.def
File: pdftex.def 2020/10/05 v1.2a Graphics/color driver for pdftex
))
\Gin@req@height=\dimen140
\Gin@req@width=\dimen141
) (/usr/local/texlive/2021/texmf-dist/tex/latex/titlesec/titlesec.sty
Package: titlesec 2019/10/16 v2.13 Sectioning titles
\ttl@box=\box47
\beforetitleunit=\skip49
\aftertitleunit=\skip50
\ttl@plus=\dimen142
\ttl@minus=\dimen143
\ttl@toksa=\toks19
\titlewidth=\dimen144
\titlewidthlast=\dimen145
\titlewidthfirst=\dimen146
) (/usr/local/texlive/2021/texmf-dist/tex/latex/tocloft/tocloft.sty
Package: tocloft 2017/08/31 v2.3i parameterised ToC, etc., typesetting
Package tocloft Info: The document has chapter divisions on input line 51.
\cftparskip=\skip51
\cftbeforetoctitleskip=\skip52
\cftaftertoctitleskip=\skip53
\cftbeforepartskip=\skip54
\cftpartnumwidth=\skip55
\cftpartindent=\skip56
\cftbeforechapskip=\skip57
\cftchapindent=\skip58
\cftchapnumwidth=\skip59
\cftbeforesecskip=\skip60
\cftsecindent=\skip61
\cftsecnumwidth=\skip62
\cftbeforesubsecskip=\skip63
\cftsubsecindent=\skip64
\cftsubsecnumwidth=\skip65
\cftbeforesubsubsecskip=\skip66
\cftsubsubsecindent=\skip67
\cftsubsubsecnumwidth=\skip68
\cftbeforeparaskip=\skip69
\cftparaindent=\skip70
\cftparanumwidth=\skip71
\cftbeforesubparaskip=\skip72
\cftsubparaindent=\skip73
\cftsubparanumwidth=\skip74
\cftbeforeloftitleskip=\skip75
\cftafterloftitleskip=\skip76
\cftbeforefigskip=\skip77
\cftfigindent=\skip78
\cftfignumwidth=\skip79
\cftbeforelottitleskip=\skip80
\cftafterlottitleskip=\skip81
\cftbeforetabskip=\skip82
\cfttabindent=\skip83
\cfttabnumwidth=\skip84
\cftbeforesubfigskip=\skip85
\cftsubfigindent=\skip86
\cftsubfignumwidth=\skip87
\cftbeforesubtabskip=\skip88
\cftsubtabindent=\skip89
\cftsubtabnumwidth=\skip90
) (/usr/local/texlive/2021/texmf-dist/tex/latex/setspace/setspace.sty
Package: setspace 2011/12/19 v6.7a set line spacing
) (/usr/local/texlive/2021/texmf-dist/tex/latex/fancyhdr/fancyhdr.sty
Package: fancyhdr 2021/01/28 v4.0.1 Extensive control of page headers and footers
\f@nch@headwidth=\skip91
\f@nch@O@elh=\skip92
\f@nch@O@erh=\skip93
\f@nch@O@olh=\skip94
\f@nch@O@orh=\skip95
\f@nch@O@elf=\skip96
\f@nch@O@erf=\skip97
\f@nch@O@olf=\skip98
\f@nch@O@orf=\skip99
) (/home/fcortes/Documentos/Github/TypeExtract/doc/atbeginend.sty) (/usr/local/texlive/2021/texmf-dist/tex/latex/tools/indentfirst.sty
Package: indentfirst 1995/11/23 v1.03 Indent first paragraph (DPC)
) (/usr/local/texlive/2021/texmf-dist/tex/latex/lastpage/lastpage.sty
Package: lastpage 2015/03/29 v1.2m Refers to last page's name (HMM; JPG)
) (/usr/local/texlive/2021/texmf-dist/tex/generic/xstring/xstring.sty (/usr/local/texlive/2021/texmf-dist/tex/generic/xstring/xstring.tex
\integerpart=\count195
\decimalpart=\count196
)
Package: xstring 2019/02/06 v1.83 String manipulations (CT)
) (/usr/local/texlive/2021/texmf-dist/tex/latex/caption/caption.sty
Package: caption 2020/10/26 v3.5g Customizing captions (AR)
 (/usr/local/texlive/2021/texmf-dist/tex/latex/caption/caption3.sty
Package: caption3 2020/10/21 v2.2e caption3 kernel (AR)
\captionmargin=\dimen147
\captionmargin@=\dimen148
\captionwidth=\dimen149
\caption@tempdima=\dimen150
\caption@indent=\dimen151
\caption@parindent=\dimen152
\caption@hangindent=\dimen153
Package caption Info: Standard document class detected.
)
\c@caption@flags=\count197
\c@continuedfloat=\count198
) (/usr/local/texlive/2021/texmf-dist/tex/latex/listings/listings.sty
\lst@mode=\count199
\lst@gtempboxa=\box48
\lst@token=\toks20
\lst@length=\count266
\lst@currlwidth=\dimen154
\lst@column=\count267
\lst@pos=\count268
\lst@lostspace=\dimen155
\lst@width=\dimen156
\lst@newlines=\count269
\lst@lineno=\count270
\lst@maxwidth=\dimen157
 (/usr/local/texlive/2021/texmf-dist/tex/latex/listings/lstmisc.sty
File: lstmisc.sty 2020/03/24 1.8d (Carsten Heinz)
\c@lstnumber=\count271
\lst@skipnumbers=\count272
\lst@framebox=\box49
) (/usr/local/texlive/2021/texmf-dist/tex/latex/listings/listings.cfg
File: listings.cfg 2020/03/24 1.8d listings configuration
))
Package: listings 2020/03/24 1.8d (Carsten Heinz)
 (/usr/local/texlive/2021/texmf-dist/tex/latex/listingsutf8/listingsutf8.sty
Package: listingsutf8 2019-12-10 v1.5 Allow UTF-8 in listings input (HO)
 (/usr/local/texlive/2021/texmf-dist/tex/generic/pdftexcmds/pdftexcmds.sty
Package: pdftexcmds 2020-06-27 v0.33 Utility functions of pdfTeX for LuaTeX (HO)
 (/usr/local/texlive/2021/texmf-dist/tex/generic/infwarerr/infwarerr.sty
Package: infwarerr 2019/12/03 v1.5 Providing info/warning/error messages (HO)
) (/usr/local/texlive/2021/texmf-dist/tex/generic/iftex/iftex.sty
Package: iftex 2020/03/06 v1.0d TeX engine tests
) (/usr/local/texlive/2021/texmf-dist/tex/generic/ltxcmds/ltxcmds.sty
Package: ltxcmds 2020-05-10 v1.25 LaTeX kernel commands for general use (HO)
)
Package pdftexcmds Info: \pdf@primitive is available.
Package pdftexcmds Info: \pdf@ifprimitive is available.
Package pdftexcmds Info: \pdfdraftmode found.
) (/usr/local/texlive/2021/texmf-dist/tex/generic/stringenc/stringenc.sty
Package: stringenc 2019/11/29 v1.12 Convert strings between diff. encodings (HO)
 (/usr/local/texlive/2021/texmf-dist/tex/generic/pdfescape/pdfescape.sty
Package: pdfescape 2019/12/09 v1.15 Implements pdfTeX's escape features (HO)
))) (/usr/local/texlive/2021/texmf-dist/tex/latex/booktabs/booktabs.sty
Package: booktabs 2020/01/12 v1.61803398 Publication quality tables
\heavyrulewidth=\dimen158
\lightrulewidth=\dimen159
\cmidrulewidth=\dimen160
\belowrulesep=\dimen161
\belowbottomsep=\dimen162
\aboverulesep=\dimen163
\abovetopsep=\dimen164
\cmidrulesep=\dimen165
\cmidrulekern=\dimen166
\defaultaddspace=\dimen167
\@cmidla=\count273
\@cmidlb=\count274
\@aboverulesep=\dimen168
\@belowrulesep=\dimen169
\@thisruleclass=\count275
\@lastruleclass=\count276
\@thisrulewidth=\dimen170
) (/usr/local/texlive/2021/texmf-dist/tex/latex/titlesec/titletoc.sty
Package: titletoc 2019/10/16 v2.13 TOC entries
\ttl@leftsep=\dimen171
) (/usr/local/texlive/2021/texmf-dist/tex/latex/tocbibind/tocbibind.sty
Package: tocbibind 2010/10/13 v1.5k extra ToC listings
Package tocbibind Info: The document has chapter divisions on input line 50.


Package tocbibind Note: Using chapter style headings, unless overridden.

) (/usr/local/texlive/2021/texmf-dist/tex/latex/hyperref/hyperref.sty
Package: hyperref 2021-02-27 v7.00k Hypertext links for LaTeX
 (/usr/local/texlive/2021/texmf-dist/tex/generic/kvsetkeys/kvsetkeys.sty
Package: kvsetkeys 2019/12/15 v1.18 Key value parser (HO)
) (/usr/local/texlive/2021/texmf-dist/tex/generic/kvdefinekeys/kvdefinekeys.sty
Package: kvdefinekeys 2019-12-19 v1.6 Define keys (HO)
) (/usr/local/texlive/2021/texmf-dist/tex/latex/hycolor/hycolor.sty
Package: hycolor 2020-01-27 v1.10 Color options for hyperref/bookmark (HO)
) (/usr/local/texlive/2021/texmf-dist/tex/latex/letltxmacro/letltxmacro.sty
Package: letltxmacro 2019/12/03 v1.6 Let assignment for LaTeX macros (HO)
) (/usr/local/texlive/2021/texmf-dist/tex/latex/auxhook/auxhook.sty
Package: auxhook 2019-12-17 v1.6 Hooks for auxiliary files (HO)
) (/usr/local/texlive/2021/texmf-dist/tex/latex/kvoptions/kvoptions.sty
Package: kvoptions 2020-10-07 v3.14 Key value format for package options (HO)
)
\@linkdim=\dimen172
\Hy@linkcounter=\count277
\Hy@pagecounter=\count278
 (/usr/local/texlive/2021/texmf-dist/tex/latex/hyperref/pd1enc.def
File: pd1enc.def 2021-02-27 v7.00k Hyperref: PDFDocEncoding definition (HO)
Now handling font encoding PD1 ...
... no UTF-8 mapping file for font encoding PD1
) (/usr/local/texlive/2021/texmf-dist/tex/latex/hyperref/hyperref-langpatches.def
File: hyperref-langpatches.def 2021-02-27 v7.00k Hyperref: patches for babel languages
) (/usr/local/texlive/2021/texmf-dist/tex/generic/intcalc/intcalc.sty
Package: intcalc 2019/12/15 v1.3 Expandable calculations with integers (HO)
) (/usr/local/texlive/2021/texmf-dist/tex/generic/etexcmds/etexcmds.sty
Package: etexcmds 2019/12/15 v1.7 Avoid name clashes with e-TeX commands (HO)
)
\Hy@SavedSpaceFactor=\count279
 (/usr/local/texlive/2021/texmf-dist/tex/latex/hyperref/puenc.def
File: puenc.def 2021-02-27 v7.00k Hyperref: PDF Unicode definition (HO)
Now handling font encoding PU ...
... no UTF-8 mapping file for font encoding PU
)
Package hyperref Info: Option `colorlinks' set `true' on input line 4073.
Package hyperref Info: Option `bookmarksopen' set `true' on input line 4073.
Package hyperref Info: Option `breaklinks' set `true' on input line 4073.
Package hyperref Info: Option `bookmarksnumbered' set `false' on input line 4073.
Package hyperref Info: Hyper figures OFF on input line 4192.
Package hyperref Info: Link nesting OFF on input line 4197.
Package hyperref Info: Hyper index ON on input line 4200.
Package hyperref Info: Plain pages OFF on input line 4207.
Package hyperref Info: Backreferencing OFF on input line 4212.
Package hyperref Info: Implicit mode ON; LaTeX internals redefined.
Package hyperref Info: Bookmarks ON on input line 4445.
\c@Hy@tempcnt=\count280
 (/usr/local/texlive/2021/texmf-dist/tex/latex/url/url.sty
\Urlmuskip=\muskip16
Package: url 2013/09/16  ver 3.4  Verb mode for urls, etc.
)
LaTeX Info: Redefining \url on input line 4804.
\XeTeXLinkMargin=\dimen173
 (/usr/local/texlive/2021/texmf-dist/tex/generic/bitset/bitset.sty
Package: bitset 2019/12/09 v1.3 Handle bit-vector datatype (HO)
 (/usr/local/texlive/2021/texmf-dist/tex/generic/bigintcalc/bigintcalc.sty
Package: bigintcalc 2019/12/15 v1.5 Expandable calculations on big integers (HO)
))
\Fld@menulength=\count281
\Field@Width=\dimen174
\Fld@charsize=\dimen175
Package hyperref Info: Hyper figures OFF on input line 6075.
Package hyperref Info: Link nesting OFF on input line 6080.
Package hyperref Info: Hyper index ON on input line 6083.
Package hyperref Info: backreferencing OFF on input line 6090.
Package hyperref Info: Link coloring ON on input line 6093.
Package hyperref Info: Link coloring with OCG OFF on input line 6100.
Package hyperref Info: PDF/A mode OFF on input line 6105.
LaTeX Info: Redefining \ref on input line 6145.
LaTeX Info: Redefining \pageref on input line 6149.
 (/usr/local/texlive/2021/texmf-dist/tex/latex/base/atbegshi-ltx.sty
Package: atbegshi-ltx 2020/08/17 v1.0a Emulation of the original atbegshi package
with kernel methods
)
\Hy@abspage=\count282
\c@Item=\count283
\c@Hfootnote=\count284
)
Package hyperref Info: Driver: hpdftex.
 (/usr/local/texlive/2021/texmf-dist/tex/latex/hyperref/hpdftex.def
File: hpdftex.def 2021-02-27 v7.00k Hyperref driver for pdfTeX
 (/usr/local/texlive/2021/texmf-dist/tex/latex/base/atveryend-ltx.sty
Package: atveryend-ltx 2020/08/19 v1.0a Emulation of the original atvery package
with kernel methods
)
\Fld@listcount=\count285
\c@bookmark@seq@number=\count286
 (/usr/local/texlive/2021/texmf-dist/tex/latex/rerunfilecheck/rerunfilecheck.sty
Package: rerunfilecheck 2019/12/05 v1.9 Rerun checks for auxiliary files (HO)
 (/usr/local/texlive/2021/texmf-dist/tex/generic/uniquecounter/uniquecounter.sty
Package: uniquecounter 2019/12/15 v1.4 Provide unlimited unique counter (HO)
)
Package uniquecounter Info: New unique counter `rerunfilecheck' on input line 286.
)
\Hy@SectionHShift=\skip100
) (/usr/local/texlive/2021/texmf-dist/tex/latex/algorithm2e/algorithm2e.sty
Package: algorithm2e 2017/07/18 v5.2 algorithms environments
\c@AlgoLine=\count287
\algocf@hangindent=\skip101
 (/usr/local/texlive/2021/texmf-dist/tex/latex/ifoddpage/ifoddpage.sty
Package: ifoddpage 2016/04/23 v1.1 Conditionals for odd/even page detection
\c@checkoddpage=\count288
) (/usr/local/texlive/2021/texmf-dist/tex/latex/tools/xspace.sty
Package: xspace 2014/10/28 v1.13 Space after command names (DPC,MH)
) (/usr/local/texlive/2021/texmf-dist/tex/latex/relsize/relsize.sty
Package: relsize 2013/03/29 ver 4.1
)
\skiptotal=\skip102
\skiplinenumber=\skip103
\skiprule=\skip104
\skiphlne=\skip105
\skiptext=\skip106
\skiplength=\skip107
\algomargin=\skip108
\skipalgocfslide=\skip109
\algowidth=\dimen176
\inoutsize=\dimen177
\inoutindent=\dimen178
\interspacetitleruled=\dimen179
\interspacealgoruled=\dimen180
\interspacetitleboxruled=\dimen181
\algocf@ruledwidth=\skip110
\algocf@inoutbox=\box50
\algocf@inputbox=\box51
\AlCapSkip=\skip111
\AlCapHSkip=\skip112
\algoskipindent=\skip113
\algocf@nlbox=\box52
\algocf@hangingbox=\box53
\algocf@untilbox=\box54
\algocf@skipuntil=\skip114
\algocf@capbox=\box55
\algocf@lcaptionbox=\skip115
\algoheightruledefault=\skip116
\algoheightrule=\skip117
\algotitleheightruledefault=\skip118
\algotitleheightrule=\skip119
\c@algocfline=\count289
\c@algocfproc=\count290
\c@algocf=\count291
\algocf@algoframe=\box56
\algocf@algobox=\box57
) (/home/fcortes/Documentos/Github/TypeExtract/doc/subimages.sty
Package: subimages 2007/06/21

Document Style `subimages' - environment
(/usr/local/texlive/2021/texmf-dist/tex/generic/iftex/ifpdf.sty
Package: ifpdf 2019/10/25 v3.4 ifpdf legacy package. Use iftex instead.
) (/usr/local/texlive/2021/texmf-dist/tex/latex/subfig/subfig.sty
Package: subfig 2005/06/28 ver: 1.3 subfig package
\c@KVtest=\count292
\sf@farskip=\skip120
\sf@captopadj=\dimen182
\sf@capskip=\skip121
\sf@nearskip=\skip122
\c@subfigure=\count293
\c@subfigure@save=\count294
\c@lofdepth=\count295
\c@subtable=\count296
\c@subtable@save=\count297
\c@lotdepth=\count298
\sf@top=\skip123
\sf@bottom=\skip124
) (/usr/local/texlive/2021/texmf-dist/tex/latex/float/float.sty
Package: float 2001/11/08 v1.3d Float enhancements (AL)
\c@float@type=\count299
\float@exts=\toks21
\float@box=\box58
\@float@everytoks=\toks22
\@floatcapt=\box59
))
\puc@topmargin@text=\skip125
\puc@bottommargin@text=\skip126
\puc@leftmargin@text=\skip127
\puc@rightmargin@text=\skip128
\puc@textwidth@text=\skip129
\puc@oddsidemargin@text=\skip130
\puc@evensidemargin@text=\skip131
\puc@textheight@text=\skip132
\puc@headsep@text=\skip133
\puc@topmargin@cover=\skip134
\puc@bottommargin@cover=\skip135
\puc@leftmargin@cover=\skip136
\puc@rightmargin@cover=\skip137
\puc@textwidth@cover=\skip138
\puc@oddsidemargin@cover=\skip139
\puc@evensidemargin@cover=\skip140
\puc@textheight@cover=\skip141
\puc@headsep@cover=\skip142
\puc@topmargin@front=\skip143
\puc@bottommargin@front=\skip144
\puc@leftmargin@front=\skip145
\puc@rightmargin@front=\skip146
\puc@textwidth@front=\skip147
\puc@oddsidemargin@front=\skip148
\puc@evensidemargin@front=\skip149
\puc@textheight@front=\skip150
\puc@headsep@front=\skip151
\puc@topmargin@dedication=\skip152
\puc@bottommargin@dedication=\skip153
\puc@leftmargin@dedication=\skip154
\puc@rightmargin@dedication=\skip155
\puc@textwidth@dedication=\skip156
\puc@oddsidemargin@dedication=\skip157
\puc@evensidemargin@dedication=\skip158
\puc@textheight@dedication=\skip159
\puc@headsep@dedication=\skip160
\c@definition=\count300
) (/usr/local/texlive/2021/texmf-dist/tex/latex/tools/tabularx.sty
Package: tabularx 2020/01/15 v2.11c `tabularx' package (DPC)
 (/usr/local/texlive/2021/texmf-dist/tex/latex/tools/array.sty
Package: array 2020/10/01 v2.5c Tabular extension package (FMi)
\col@sep=\dimen183
\ar@mcellbox=\box60
\extrarowheight=\dimen184
\NC@list=\toks23
\extratabsurround=\skip161
\backup@length=\skip162
\ar@cellbox=\box61
)
\TX@col@width=\dimen185
\TX@old@table=\dimen186
\TX@old@col=\dimen187
\TX@target=\dimen188
\TX@delta=\dimen189
\TX@cols=\count301
\TX@ftn=\toks24
) (/usr/local/texlive/2021/texmf-dist/tex/latex/multirow/multirow.sty
Package: multirow 2021/03/15 v2.8 Span multiple rows of a table
\multirow@colwidth=\skip163
\multirow@cntb=\count302
\multirow@dima=\skip164
\bigstrutjot=\dimen190
) (/usr/local/texlive/2021/texmf-dist/tex/latex/tools/multicol.sty
Package: multicol 2019/12/09 v1.8y multicolumn formatting (FMi)
\c@tracingmulticols=\count303
\mult@box=\box62
\multicol@leftmargin=\dimen191
\c@unbalance=\count304
\c@collectmore=\count305
\doublecol@number=\count306
\multicoltolerance=\count307
\multicolpretolerance=\count308
\full@width=\dimen192
\page@free=\dimen193
\premulticols=\dimen194
\postmulticols=\dimen195
\multicolsep=\skip165
\multicolbaselineskip=\skip166
\partial@page=\box63
\last@line=\box64
\maxbalancingoverflow=\dimen196
\mult@rightbox=\box65
\mult@grightbox=\box66
\mult@gfirstbox=\box67
\mult@firstbox=\box68
\@tempa=\box69
\@tempa=\box70
\@tempa=\box71
\@tempa=\box72
\@tempa=\box73
\@tempa=\box74
\@tempa=\box75
\@tempa=\box76
\@tempa=\box77
\@tempa=\box78
\@tempa=\box79
\@tempa=\box80
\@tempa=\box81
\@tempa=\box82
\@tempa=\box83
\@tempa=\box84
\@tempa=\box85
\@tempa=\box86
\@tempa=\box87
\@tempa=\box88
\@tempa=\box89
\@tempa=\box90
\@tempa=\box91
\@tempa=\box92
\@tempa=\box93
\@tempa=\box94
\@tempa=\box95
\@tempa=\box96
\@tempa=\box97
\@tempa=\box98
\@tempa=\box99
\@tempa=\box100
\@tempa=\box101
\@tempa=\box102
\@tempa=\box103
\@tempa=\box104
\@tempa=\box105
\c@minrows=\count309
\c@columnbadness=\count310
\c@finalcolumnbadness=\count311
\last@try=\dimen197
\multicolovershoot=\dimen198
\multicolundershoot=\dimen199
\mult@nat@firstbox=\box106
\colbreak@box=\box107
\mc@col@check@num=\count312
) (/usr/local/texlive/2021/texmf-dist/tex/latex/colortbl/colortbl.sty
Package: colortbl 2020/01/04 v1.0e Color table columns (DPC)
 (/usr/local/texlive/2021/texmf-dist/tex/latex/graphics/color.sty
Package: color 2020/02/24 v1.2b Standard LaTeX Color (DPC)
 (/usr/local/texlive/2021/texmf-dist/tex/latex/graphics-cfg/color.cfg
File: color.cfg 2016/01/02 v1.6 sample color configuration
)
Package color Info: Driver file: pdftex.def on input line 147.
)
\everycr=\toks25
\minrowclearance=\skip167
) (/usr/local/texlive/2021/texmf-dist/tex/latex/xcolor/xcolor.sty
Package: xcolor 2016/05/11 v2.12 LaTeX color extensions (UK)
 (/usr/local/texlive/2021/texmf-dist/tex/latex/graphics-cfg/color.cfg
File: color.cfg 2016/01/02 v1.6 sample color configuration
)
Package xcolor Info: Driver file: pdftex.def on input line 225.
 (/usr/local/texlive/2021/texmf-dist/tex/latex/pdfcolmk/pdfcolmk.sty
Package: pdfcolmk 2019/11/24 v2.0 Color support for pdfTeX via marks
)
LaTeX Info: Redefining \color on input line 709.
\rownum=\count313
Package xcolor Info: Model `cmy' substituted by `cmy0' on input line 1348.
Package xcolor Info: Model `hsb' substituted by `rgb' on input line 1352.
Package xcolor Info: Model `RGB' extended on input line 1364.
Package xcolor Info: Model `HTML' substituted by `rgb' on input line 1366.
Package xcolor Info: Model `Hsb' substituted by `hsb' on input line 1367.
Package xcolor Info: Model `tHsb' substituted by `hsb' on input line 1368.
Package xcolor Info: Model `HSB' substituted by `hsb' on input line 1369.
Package xcolor Info: Model `Gray' substituted by `gray' on input line 1370.
Package xcolor Info: Model `wave' substituted by `hsb' on input line 1371.
 (/usr/local/texlive/2021/texmf-dist/tex/latex/graphics/dvipsnam.def
File: dvipsnam.def 2016/06/17 v3.0m Driver-dependent file (DPC,SPQR)
) (/usr/local/texlive/2021/texmf-dist/tex/latex/xcolor/svgnam.def
File: svgnam.def 2016/05/11 v2.12 Predefined colors according to SVG 1.1 (UK)
) (/usr/local/texlive/2021/texmf-dist/tex/latex/xcolor/x11nam.def
File: x11nam.def 2016/05/11 v2.12 Predefined colors according to Unix/X11 (UK)
)) (/usr/local/texlive/2021/texmf-dist/tex/latex/numprint/numprint.sty
Package: numprint 2012/08/20 v1.39 Print numbers (HH)
\c@nprt@mantissa@digitsbefore=\count314
\c@nprt@mantissa@digitsafter=\count315
\c@nprt@exponent@digitsbefore=\count316
\c@nprt@exponent@digitsafter=\count317
\nprt@digitwidth=\skip168
\nprt@sepwidth=\skip169
\nprt@decimalwidth=\skip170
\nprt@blockwidth=\skip171
\nprt@digittoks=\toks26
\nprt@pretoks=\toks27
\nprt@posttoks=\toks28
\nprt@thisdigit=\count318
\nprt@curpos=\count319
\nprt@rndpos=\count320
\c@nprt@digitsfirstblock=\count321
\c@nprt@blockcnt=\count322
\c@nprt@cntprint=\count323
 No configuration file `numprint.cfg' found.) (/usr/local/texlive/2021/texmf-dist/tex/latex/base/textcomp.sty
Package: textcomp 2020/02/02 v2.0n Standard LaTeX package
) (/usr/local/texlive/2021/texmf-dist/tex/latex/amsmath/amsmath.sty
Package: amsmath 2020/09/23 v2.17i AMS math features
\@mathmargin=\skip172

For additional information on amsmath, use the `?' option.
(/usr/local/texlive/2021/texmf-dist/tex/latex/amsmath/amstext.sty
Package: amstext 2000/06/29 v2.01 AMS text
 (/usr/local/texlive/2021/texmf-dist/tex/latex/amsmath/amsgen.sty
File: amsgen.sty 1999/11/30 v2.0 generic functions
\@emptytoks=\toks29
\ex@=\dimen256
)) (/usr/local/texlive/2021/texmf-dist/tex/latex/amsmath/amsbsy.sty
Package: amsbsy 1999/11/29 v1.2d Bold Symbols
\pmbraise@=\dimen257
) (/usr/local/texlive/2021/texmf-dist/tex/latex/amsmath/amsopn.sty
Package: amsopn 2016/03/08 v2.02 operator names
)
\inf@bad=\count324
LaTeX Info: Redefining \frac on input line 234.
\uproot@=\count325
\leftroot@=\count326
LaTeX Info: Redefining \overline on input line 399.
\classnum@=\count327
\DOTSCASE@=\count328
LaTeX Info: Redefining \ldots on input line 496.
LaTeX Info: Redefining \dots on input line 499.
LaTeX Info: Redefining \cdots on input line 620.
\Mathstrutbox@=\box108
\strutbox@=\box109
\big@size=\dimen258
LaTeX Font Info:    Redeclaring font encoding OML on input line 743.
LaTeX Font Info:    Redeclaring font encoding OMS on input line 744.
\macc@depth=\count329
\c@MaxMatrixCols=\count330
\dotsspace@=\muskip17
\c@parentequation=\count331
\dspbrk@lvl=\count332
\tag@help=\toks30
\row@=\count333
\column@=\count334
\maxfields@=\count335
\andhelp@=\toks31
\eqnshift@=\dimen259
\alignsep@=\dimen260
\tagshift@=\dimen261
\tagwidth@=\dimen262
\totwidth@=\dimen263
\lineht@=\dimen264
\@envbody=\toks32
\multlinegap=\skip173
\multlinetaggap=\skip174
\mathdisplay@stack=\toks33
LaTeX Info: Redefining \[ on input line 2923.
LaTeX Info: Redefining \] on input line 2924.
) (/usr/local/texlive/2021/texmf-dist/tex/latex/enumitem/enumitem.sty
Package: enumitem 2019/06/20 v3.9 Customized lists
\labelindent=\skip175
\enit@outerparindent=\dimen265
\enit@toks=\toks34
\enit@inbox=\box110
\enit@count@id=\count336
\enitdp@description=\count337
) (/usr/local/texlive/2021/texmf-dist/tex/latex/amsfonts/amssymb.sty
Package: amssymb 2013/01/14 v3.01 AMS font symbols
) (/home/fcortes/Documentos/Github/TypeExtract/doc/abntex2cite.sty
Package: abntex2cite <CURRENT_DATE> v<VERSION> abnTeX2
 (/usr/local/texlive/2021/texmf-dist/tex/latex/tools/calc.sty
Package: calc 2017/05/25 v4.3 Infix arithmetic (KKT,FJ)
\calc@Acount=\count338
\calc@Bcount=\count339
\calc@Adimen=\dimen266
\calc@Bdimen=\dimen267
\calc@Askip=\skip176
\calc@Bskip=\skip177
LaTeX Info: Redefining \setlength on input line 80.
LaTeX Info: Redefining \addtolength on input line 81.
\calc@Ccount=\count340
\calc@Cskip=\skip178
) (/usr/local/texlive/2021/texmf-dist/tex/latex/abntex2/abntex2abrev.sty)
\minimumbiblabelwidth=\skip179
\ABCIauxlen=\skip180
\c@ABCIaux=\count341
\c@ABCImax=\count342
 (/usr/local/texlive/2021/texmf-dist/tex/generic/iftex/ifxetex.sty
Package: ifxetex 2019/10/25 v0.7 ifxetex legacy package. Use iftex instead.
)
\biblabelsep=\skip181
LaTeX Info: Redefining \newblock on input line 591.
LaTeX Info: Redefining \cite on input line 618.
\ABCItoken=\toks35
)
LaTeX Font Info:    Trying to load font information for T1+lmss on input line 199.
 (/usr/local/texlive/2021/texmf-dist/tex/latex/lm/t1lmss.fd
File: t1lmss.fd 2015/05/01 v1.6.1 Font defs for Latin Modern
) (/usr/local/texlive/2021/texmf-dist/tex/latex/l3backend/l3backend-pdftex.def
File: l3backend-pdftex.def 2021-03-18 L3 backend support: PDF output (pdfTeX)
\l__color_backend_stack_int=\count343
\l__pdf_internal_box=\box111
) (/home/fcortes/Documentos/Github/TypeExtract/doc/main.aux

LaTeX Warning: Label `mean2' multiply defined.

)
\openout1 = `main.aux'.

LaTeX Font Info:    Checking defaults for OML/cmm/m/it on input line 199.
LaTeX Font Info:    ... okay on input line 199.
LaTeX Font Info:    Checking defaults for OMS/cmsy/m/n on input line 199.
LaTeX Font Info:    ... okay on input line 199.
LaTeX Font Info:    Checking defaults for OT1/cmr/m/n on input line 199.
LaTeX Font Info:    ... okay on input line 199.
LaTeX Font Info:    Checking defaults for T1/cmr/m/n on input line 199.
LaTeX Font Info:    ... okay on input line 199.
LaTeX Font Info:    Checking defaults for TS1/cmr/m/n on input line 199.
LaTeX Font Info:    ... okay on input line 199.
LaTeX Font Info:    Checking defaults for OMX/cmex/m/n on input line 199.
LaTeX Font Info:    ... okay on input line 199.
LaTeX Font Info:    Checking defaults for U/cmr/m/n on input line 199.
LaTeX Font Info:    ... okay on input line 199.
LaTeX Font Info:    Checking defaults for PD1/pdf/m/n on input line 199.
LaTeX Font Info:    ... okay on input line 199.
LaTeX Font Info:    Checking defaults for PU/pdf/m/n on input line 199.
LaTeX Font Info:    ... okay on input line 199.
 (/usr/local/texlive/2021/texmf-dist/tex/context/base/mkii/supp-pdf.mkii
[Loading MPS to PDF converter (version 2006.09.02).]
\scratchcounter=\count344
\scratchdimen=\dimen268
\scratchbox=\box112
\nofMPsegments=\count345
\nofMParguments=\count346
\everyMPshowfont=\toks36
\MPscratchCnt=\count347
\MPscratchDim=\dimen269
\MPnumerator=\count348
\makeMPintoPDFobject=\count349
\everyMPtoPDFconversion=\toks37
) (/usr/local/texlive/2021/texmf-dist/tex/latex/epstopdf-pkg/epstopdf-base.sty
Package: epstopdf-base 2020-01-24 v2.11 Base part for package epstopdf
Package epstopdf-base Info: Redefining graphics rule for `.eps' on input line 485.
 (/usr/local/texlive/2021/texmf-dist/tex/latex/latexconfig/epstopdf-sys.cfg
File: epstopdf-sys.cfg 2010/07/13 v1.3 Configuration of (r)epstopdf for TeX Live
))
Package lastpage Info: Please have a look at the pageslts package at
(lastpage)             https://www.ctan.org/pkg/pageslts
(lastpage)             ! on input line 199.
Package caption Info: Begin \AtBeginDocument code.
Package caption Info: subfig package v1.3 is loaded.
Package caption Info: float package is loaded.
Package caption Info: hyperref package is loaded.
Package caption Info: listings package is loaded.
Package caption Info: End \AtBeginDocument code.
\c@lstlisting=\count350
Package hyperref Info: Link coloring ON on input line 199.
 (/usr/local/texlive/2021/texmf-dist/tex/latex/hyperref/nameref.sty
Package: nameref 2021-04-02 v2.47 Cross-referencing by name of section
 (/usr/local/texlive/2021/texmf-dist/tex/latex/refcount/refcount.sty
Package: refcount 2019/12/15 v3.6 Data extraction from label references (HO)
) (/usr/local/texlive/2021/texmf-dist/tex/generic/gettitlestring/gettitlestring.sty
Package: gettitlestring 2019/12/15 v1.6 Cleanup title references (HO)
)
\c@section@level=\count351
)
LaTeX Info: Redefining \ref on input line 199.
LaTeX Info: Redefining \pageref on input line 199.
LaTeX Info: Redefining \nameref on input line 199.
 (/home/fcortes/Documentos/Github/TypeExtract/doc/main.out) (/home/fcortes/Documentos/Github/TypeExtract/doc/main.out)
\@outlinefile=\write3
\openout3 = `main.out'.

<puc.png, id=52, 405.14561pt x 94.24008pt>
File: puc.png Graphic file (type png)
<use puc.png>
Package pdftex.def Info: puc.png  used on input line 199.
(pdftex.def)             Requested size: 269.10934pt x 62.59596pt.
LaTeX Font Info:    Trying to load font information for OT1+lmr on input line 199.
 (/usr/local/texlive/2021/texmf-dist/tex/latex/lm/ot1lmr.fd
File: ot1lmr.fd 2015/05/01 v1.6.1 Font defs for Latin Modern
)
LaTeX Font Info:    Trying to load font information for OML+lmm on input line 199.
 (/usr/local/texlive/2021/texmf-dist/tex/latex/lm/omllmm.fd
File: omllmm.fd 2015/05/01 v1.6.1 Font defs for Latin Modern
)
LaTeX Font Info:    Trying to load font information for OMS+lmsy on input line 199.
 (/usr/local/texlive/2021/texmf-dist/tex/latex/lm/omslmsy.fd
File: omslmsy.fd 2015/05/01 v1.6.1 Font defs for Latin Modern
)
LaTeX Font Info:    Trying to load font information for OMX+lmex on input line 199.
 (/usr/local/texlive/2021/texmf-dist/tex/latex/lm/omxlmex.fd
File: omxlmex.fd 2015/05/01 v1.6.1 Font defs for Latin Modern
)
LaTeX Font Info:    External font `lmex10' loaded for size
(Font)              <12> on input line 199.
LaTeX Font Info:    External font `lmex10' loaded for size
(Font)              <8> on input line 199.
LaTeX Font Info:    External font `lmex10' loaded for size
(Font)              <6> on input line 199.
LaTeX Font Info:    Trying to load font information for U+msa on input line 199.
 (/usr/local/texlive/2021/texmf-dist/tex/latex/amsfonts/umsa.fd
File: umsa.fd 2013/01/14 v3.01 AMS symbols A
)
LaTeX Font Info:    Trying to load font information for U+msb on input line 199.
 (/usr/local/texlive/2021/texmf-dist/tex/latex/amsfonts/umsb.fd
File: umsb.fd 2013/01/14 v3.01 AMS symbols B
) [1


Non-PDF special ignored!
<special>  pdf: docinfo << /Author (Felipe V. Côrtes) /Title (Type Extracto...
{/usr/local/texlive/2021/texmf-var/fonts/map/pdftex/updmap/pdftex.map} </home/fcortes/Documentos/Github/TypeExtract/doc/puc.png (PNG copy)>]
LaTeX Font Info:    Trying to load font information for T1+lmr on input line 199.
 (/usr/local/texlive/2021/texmf-dist/tex/latex/lm/t1lmr.fd
File: t1lmr.fd 2015/05/01 v1.6.1 Font defs for Latin Modern
) [2

] [3

] (/home/fcortes/Documentos/Github/TypeExtract/doc/main.toc)
\tf@toc=\write4
\openout4 = `main.toc'.

 [4

] (/home/fcortes/Documentos/Github/TypeExtract/doc/main.lof)
\tf@lof=\write5
\openout5 = `main.lof'.

 [5

] (/home/fcortes/Documentos/Github/TypeExtract/doc/main.lot)
\tf@lot=\write6
\openout6 = `main.lot'.

 [6

] (/home/fcortes/Documentos/Github/TypeExtract/doc/main.loa)
\tf@loa=\write7
\openout7 = `main.loa'.

 [7


] (/home/fcortes/Documentos/Github/TypeExtract/doc/main.lol)
\tf@lol=\write8
\openout8 = `main.lol'.

 [8

] (/home/fcortes/Documentos/Github/TypeExtract/doc/0-abrevs.tex) (/home/fcortes/Documentos/Github/TypeExtract/doc/1-introduction.tex
Underfull \hbox (badness 10000) in paragraph at lines 4--2

 []

[9


]
Chapter 1.

Package hyperref Warning: Suppressing empty link on input line 4.

) (/home/fcortes/Documentos/Github/TypeExtract/doc/2-related-work.tex [10

]
Chapter 2.
) (/home/fcortes/Documentos/Github/TypeExtract/doc/3-project-scope.tex [11

]
Chapter 3.
) (/home/fcortes/Documentos/Github/TypeExtract/doc/4-project-specification.tex [12

]
Chapter 4.
(/usr/local/texlive/2021/texmf-dist/tex/latex/listings/lstlang1.sty
File: lstlang1.sty 2020/03/24 1.8d listings language file
) (/usr/local/texlive/2021/texmf-dist/tex/latex/listings/lstlang2.sty
File: lstlang2.sty 2020/03/24 1.8d listings language file
) (/usr/local/texlive/2021/texmf-dist/tex/latex/listings/lstlang3.sty
File: lstlang3.sty 2020/03/24 1.8d listings language file
)
LaTeX Font Info:    Trying to load font information for T1+lmtt on input line 34.
 (/usr/local/texlive/2021/texmf-dist/tex/latex/lm/t1lmtt.fd
File: t1lmtt.fd 2015/05/01 v1.6.1 Font defs for Latin Modern
) (/usr/local/texlive/2021/texmf-dist/tex/latex/base/latin1.def
File: latin1.def 2020/08/01 v1.3d Input encoding file
) (/usr/local/texlive/2021/texmf-dist/tex/generic/stringenc/se-utf8.def
File: se-utf8.def 2019/11/29 v1.12 stringenc: UTF-8
) (/usr/local/texlive/2021/texmf-dist/tex/generic/stringenc/se-iso-8859-1.def
File: se-iso-8859-1.def 2019/11/29 v1.12 stringenc: ISO-8859-1
)
Overfull \hbox (28.56448pt too wide) in paragraph at lines 1--2
[][] 
 []


Overfull \hbox (28.56448pt too wide) in paragraph at lines 4--5
[][] 
 []

[13

]
Overfull \hbox (28.56448pt too wide) in paragraph at lines 20--21
[][] 
 []


Overfull \hbox (28.56448pt too wide) in paragraph at lines 22--34
[][] 
 []

) (/home/fcortes/Documentos/Github/TypeExtract/doc/5-development.tex [14]
Chapter 5.
LaTeX Font Info:    External font `lmex10' loaded for size
(Font)              <5> on input line 12.

Underfull \hbox (badness 10000) in paragraph at lines 13--13
[]|\T1/lmr/m/n/6 Mean
 []


Underfull \hbox (badness 10000) in paragraph at lines 13--13
\T1/lmr/m/n/6 Ver-tex
 []


Underfull \hbox (badness 10000) in paragraph at lines 13--13
\T1/lmr/m/n/6 Dis-
 []


Underfull \hbox (badness 10000) in paragraph at lines 13--13
[]|\T1/lmr/m/n/6 L2
 []


Underfull \hbox (badness 10000) in paragraph at lines 13--13
\T1/lmr/m/n/6 Ver-tex
 []


Underfull \hbox (badness 10000) in paragraph at lines 13--13
[]|\T1/lmr/m/n/6 Mean
 []


Underfull \hbox (badness 10000) in paragraph at lines 13--13
\T1/lmr/m/n/6 mal
 []


Overfull \hbox (6.91386pt too wide) in paragraph at lines 13--13
[]|\T1/lmr/m/n/6 Tangential| 
 []


Underfull \hbox (badness 10000) in paragraph at lines 13--13
[]|\T1/lmr/m/n/6 Mean
 []


Underfull \hbox (badness 10000) in paragraph at lines 13--13
\T1/lmr/m/n/6 Dis-crete
 []


Underfull \hbox (badness 10000) in paragraph at lines 13--13
\T1/lmr/m/n/6 Cur-va-
 []


Underfull \hbox (badness 10000) in paragraph at lines 13--13
[]|\T1/lmr/m/n/6 Area
 []


Underfull \hbox (badness 10000) in paragraph at lines 13--14
[]|\T1/lmr/m/n/6 Volume
 []


LaTeX Warning: Citation `FDC03' on page 15 undefined on input line 15.


Overfull \hbox (0.74756pt too wide) in paragraph at lines 15--15
[]|\T1/lmr/m/n/6 0.061277| 
 []


Overfull \hbox (0.74756pt too wide) in paragraph at lines 15--15
[]|\T1/lmr/m/n/6 0.110973| 
 []


Overfull \hbox (0.74756pt too wide) in paragraph at lines 15--15
[]|\T1/lmr/m/n/6 0.236219| 
 []


Overfull \hbox (4.41422pt too wide) in paragraph at lines 15--15
[]|\T1/lmr/m/n/6 19.697900| 
 []


Overfull \hbox (0.74756pt too wide) in paragraph at lines 15--15
[]|\T1/lmr/m/n/6 0.055170| 
 []


Overfull \hbox (0.74756pt too wide) in paragraph at lines 15--15
[]|\T1/lmr/m/n/6 0.047678| 
 []


Overfull \hbox (0.74756pt too wide) in paragraph at lines 15--15
[]|\T1/lmr/m/n/6 0.090284| 
 []


Overfull \hbox (0.74756pt too wide) in paragraph at lines 15--15
[]|\T1/lmr/m/n/6 0.051443| 
 []


Overfull \hbox (0.74756pt too wide) in paragraph at lines 15--16
[]|\T1/lmr/m/n/6 0.045645| 
 []


LaTeX Warning: Citation `JDD03' on page 15 undefined on input line 16.


Overfull \hbox (0.74756pt too wide) in paragraph at lines 16--16
[]|\T1/lmr/m/n/6 0.001293| 
 []


Overfull \hbox (0.74756pt too wide) in paragraph at lines 16--16
[]|\T1/lmr/m/n/6 0.002800| 
 []


Overfull \hbox (0.74756pt too wide) in paragraph at lines 16--16
[]|\T1/lmr/m/n/6 0.002289| 
 []


Overfull \hbox (4.41422pt too wide) in paragraph at lines 16--16
[]|\T1/lmr/m/n/6 21.237300| 
 []


Overfull \hbox (0.74756pt too wide) in paragraph at lines 16--16
[]|\T1/lmr/m/n/6 0.021589| 
 []


Overfull \hbox (0.74756pt too wide) in paragraph at lines 16--16
[]|\T1/lmr/m/n/6 0.013026| 
 []


Overfull \hbox (0.74756pt too wide) in paragraph at lines 16--16
[]|\T1/lmr/m/n/6 0.087991| 
 []


Overfull \hbox (0.74756pt too wide) in paragraph at lines 16--16
[]|\T1/lmr/m/n/6 0.000364| 
 []


Overfull \hbox (0.74756pt too wide) in paragraph at lines 16--17
[]|\T1/lmr/m/n/6 0.002621| 
 []


LaTeX Warning: Citation `SRML07' on page 15 undefined on input line 17.


Overfull \hbox (0.74756pt too wide) in paragraph at lines 17--17
[]|\T1/lmr/m/n/6 0.001439| 
 []


Overfull \hbox (0.74756pt too wide) in paragraph at lines 17--17
[]|\T1/lmr/m/n/6 0.002880| 
 []


Overfull \hbox (0.74756pt too wide) in paragraph at lines 17--17
[]|\T1/lmr/m/n/6 0.003540| 
 []


Overfull \hbox (4.41422pt too wide) in paragraph at lines 17--17
[]|\T1/lmr/m/n/6 14.043200| 
 []


Overfull \hbox (0.74756pt too wide) in paragraph at lines 17--17
[]|\T1/lmr/m/n/6 0.012654| 
 []


Overfull \hbox (0.74756pt too wide) in paragraph at lines 17--17
[]|\T1/lmr/m/n/6 0.008911| 
 []


Overfull \hbox (0.74756pt too wide) in paragraph at lines 17--17
[]|\T1/lmr/m/n/6 0.055849| 
 []


Overfull \hbox (0.74756pt too wide) in paragraph at lines 17--17
[]|\T1/lmr/m/n/6 0.007806| 
 []


Overfull \hbox (0.74756pt too wide) in paragraph at lines 17--18
[]|\T1/lmr/m/n/6 0.000582| 
 []


LaTeX Warning: Citation `ZFAT11' on page 15 undefined on input line 18.


Overfull \hbox (0.74756pt too wide) in paragraph at lines 18--18
[]|\T1/lmr/m/n/6 0.000713| 
 []


Overfull \hbox (0.74756pt too wide) in paragraph at lines 18--18
[]|\T1/lmr/m/n/6 0.001537| 
 []


Overfull \hbox (0.74756pt too wide) in paragraph at lines 18--18
[]|\T1/lmr/m/n/6 0.001824| 
 []


Overfull \hbox (4.41422pt too wide) in paragraph at lines 18--18
[]|\T1/lmr/m/n/6 12.171400| 
 []


Overfull \hbox (0.74756pt too wide) in paragraph at lines 18--18
[]|\T1/lmr/m/n/6 0.009654| 
 []


Overfull \hbox (0.74756pt too wide) in paragraph at lines 18--18
[]|\T1/lmr/m/n/6 0.005781| 
 []


Overfull \hbox (0.74756pt too wide) in paragraph at lines 18--18
[]|\T1/lmr/m/n/6 0.054567| 
 []


Overfull \hbox (0.74756pt too wide) in paragraph at lines 18--18
[]|\T1/lmr/m/n/6 0.005617| 
 []


Overfull \hbox (0.74756pt too wide) in paragraph at lines 18--19
[]|\T1/lmr/m/n/6 0.000425| 
 []


LaTeX Warning: Citation `HS13' on page 15 undefined on input line 19.


Overfull \hbox (0.74756pt too wide) in paragraph at lines 19--19
[]|\T1/lmr/m/n/6 0.002531| 
 []


Overfull \hbox (0.74756pt too wide) in paragraph at lines 19--19
[]|\T1/lmr/m/n/6 0.004560| 
 []


Overfull \hbox (0.74756pt too wide) in paragraph at lines 19--19
[]|\T1/lmr/m/n/6 0.007108| 
 []


Overfull \hbox (4.41422pt too wide) in paragraph at lines 19--19
[]|\T1/lmr/m/n/6 13.830100| 
 []


Overfull \hbox (0.74756pt too wide) in paragraph at lines 19--19
[]|\T1/lmr/m/n/6 0.017459| 
 []


Overfull \hbox (0.74756pt too wide) in paragraph at lines 19--19
[]|\T1/lmr/m/n/6 0.010314| 
 []


Overfull \hbox (0.74756pt too wide) in paragraph at lines 19--19
[]|\T1/lmr/m/n/6 0.114528| 
 []


Overfull \hbox (0.74756pt too wide) in paragraph at lines 19--19
[]|\T1/lmr/m/n/6 0.001686| 
 []


Overfull \hbox (0.74756pt too wide) in paragraph at lines 19--20
[]|\T1/lmr/m/n/6 0.001786| 
 []


LaTeX Warning: Citation `ZDZBL15' on page 15 undefined on input line 20.


Overfull \hbox (0.74756pt too wide) in paragraph at lines 20--20
[]|\T1/lmr/m/n/6 0.001623| 
 []


Overfull \hbox (0.74756pt too wide) in paragraph at lines 20--20
[]|\T1/lmr/m/n/6 0.003079| 
 []


Overfull \hbox (0.74756pt too wide) in paragraph at lines 20--20
[]|\T1/lmr/m/n/6 0.005048| 
 []


Overfull \hbox (4.41422pt too wide) in paragraph at lines 20--20
[]|\T1/lmr/m/n/6 10.454200| 
 []


Overfull \hbox (0.74756pt too wide) in paragraph at lines 20--20
[]|\T1/lmr/m/n/6 0.015233| 
 []


Overfull \hbox (0.74756pt too wide) in paragraph at lines 20--20
[]|\T1/lmr/m/n/6 0.008054| 
 []


Overfull \hbox (0.74756pt too wide) in paragraph at lines 20--20
[]|\T1/lmr/m/n/6 0.094668| 
 []


Overfull \hbox (0.74756pt too wide) in paragraph at lines 20--20
[]|\T1/lmr/m/n/6 0.002629| 
 []


Overfull \hbox (0.74756pt too wide) in paragraph at lines 20--21
[]|\T1/lmr/m/n/6 0.001326| 
 []


LaTeX Warning: Citation `YRP16' on page 15 undefined on input line 21.


Overfull \hbox (0.74756pt too wide) in paragraph at lines 21--21
[]|\T1/lmr/m/n/6 0.000737| 
 []


Overfull \hbox (0.74756pt too wide) in paragraph at lines 21--21
[]|\T1/lmr/m/n/6 0.001548| 
 []


Overfull \hbox (0.74756pt too wide) in paragraph at lines 21--21
[]|\T1/lmr/m/n/6 0.001493| 
 []


Overfull \hbox (4.41422pt too wide) in paragraph at lines 21--21
[]|\T1/lmr/m/n/6 16.880800| 
 []


Overfull \hbox (0.74756pt too wide) in paragraph at lines 21--21
[]|\T1/lmr/m/n/6 0.014129| 
 []


Overfull \hbox (0.74756pt too wide) in paragraph at lines 21--21
[]|\T1/lmr/m/n/6 0.006974| 
 []


Overfull \hbox (0.74756pt too wide) in paragraph at lines 21--21
[]|\T1/lmr/m/n/6 0.079952| 
 []


Overfull \hbox (0.74756pt too wide) in paragraph at lines 21--21
[]|\T1/lmr/m/n/6 0.000209| 
 []


Overfull \hbox (0.74756pt too wide) in paragraph at lines 21--22
[]|\T1/lmr/m/n/6 0.002375| 
 []


Overfull \hbox (0.74756pt too wide) in paragraph at lines 22--22
[]|\T1/lmr/m/n/6 0.000987| 
 []


Overfull \hbox (0.74756pt too wide) in paragraph at lines 22--22
[]|\T1/lmr/m/n/6 0.001902| 
 []


Overfull \hbox (0.74756pt too wide) in paragraph at lines 22--22
[]|\T1/lmr/m/n/6 0.002686| 
 []


Overfull \hbox (4.41422pt too wide) in paragraph at lines 22--22
[]|\T1/lmr/m/n/6 11.574200| 
 []


Overfull \hbox (0.74756pt too wide) in paragraph at lines 22--22
[]|\T1/lmr/m/n/6 0.010632| 
 []


Overfull \hbox (0.74756pt too wide) in paragraph at lines 22--22
[]|\T1/lmr/m/n/6 0.006796| 
 []


Overfull \hbox (0.74756pt too wide) in paragraph at lines 22--22
[]|\T1/lmr/m/n/6 0.075106| 
 []


Overfull \hbox (0.74756pt too wide) in paragraph at lines 22--22
[]|\T1/lmr/m/n/6 0.003970| 
 []


Overfull \hbox (0.74756pt too wide) in paragraph at lines 22--23
[]|\T1/lmr/m/n/6 0.000722| 
 []

) (/home/fcortes/Documentos/Github/TypeExtract/doc/6-results.tex [15

]
Chapter 6.
(/usr/local/texlive/2021/texmf-dist/tex/latex/base/latin1.def
File: latin1.def 2020/08/01 v1.3d Input encoding file
)
Overfull \hbox (28.56448pt too wide) in paragraph at lines 1--2
[][] 
 []


Overfull \hbox (28.56448pt too wide) in paragraph at lines 4--5
[][] 
 []


Overfull \hbox (28.56448pt too wide) in paragraph at lines 20--21
[][] 
 []


Overfull \hbox (28.56448pt too wide) in paragraph at lines 22--6
[][] 
 []

) (/home/fcortes/Documentos/Github/TypeExtract/doc/7-final-considerations.tex [16

]
Chapter 7.
(/usr/local/texlive/2021/texmf-dist/tex/latex/base/latin1.def
File: latin1.def 2020/08/01 v1.3d Input encoding file
)
Overfull \hbox (28.56448pt too wide) in paragraph at lines 1--2
[][] 
 []


Overfull \hbox (28.56448pt too wide) in paragraph at lines 4--5
[][] 
 []


Overfull \hbox (28.56448pt too wide) in paragraph at lines 20--21
[][] 
 []


Overfull \hbox (28.56448pt too wide) in paragraph at lines 22--6
[][] 
 []

) (/home/fcortes/Documentos/Github/TypeExtract/doc/main.bbl [17

]
Chapter 8.
) 
AED: lastpage setting LastPage
[18

] (/home/fcortes/Documentos/Github/TypeExtract/doc/main.aux)

LaTeX Warning: There were undefined references.


LaTeX Warning: There were multiply-defined labels.

Package rerunfilecheck Info: File `main.out' has not changed.
(rerunfilecheck)             Checksum: 494CF139126FEC54133A049EA50599C6;1335.
 ) 
Here is how much of TeX's memory you used:
 19606 strings out of 478994
 291668 string characters out of 5858190
 961986 words of memory out of 5000000
 36544 multiletter control sequences out of 15000+600000
 475289 words of font info for 70 fonts, out of 8000000 for 9000
 1141 hyphenation exceptions out of 8191
 86i,17n,88p,753b,3131s stack positions out of 5000i,500n,10000p,200000b,80000s
{/usr/local/texlive/2021/texmf-dist/fonts/enc/dvips/lm/lm-ec.enc}{/usr/local/texlive/2021/texmf-dist/fonts/enc/dvips/lm/lm-rm.enc}{/usr/local/texlive/2021/texmf-dist/fonts/enc/dvips/lm/lm-mathsy.enc}{/usr/local/texlive/2021/texmf-dist/fonts/enc/dvips/lm/lm-mathit.enc}{/usr/local/texlive/2021/texmf-dist/fonts/enc/dvips/lm/lm-mathex.enc}</usr/local/texlive/2021/texmf-dist/fonts/type1/public/lm/lmbx12.pfb></usr/local/texlive/2021/texmf-dist/fonts/type1/public/lm/lmbx6.pfb></usr/local/texlive/2021/texmf-dist/fonts/type1/public/lm/lmbx8.pfb></usr/local/texlive/2021/texmf-dist/fonts/type1/public/lm/lmex10.pfb></usr/local/texlive/2021/texmf-dist/fonts/type1/public/lm/lmmi12.pfb></usr/local/texlive/2021/texmf-dist/fonts/type1/public/lm/lmmi6.pfb></usr/local/texlive/2021/texmf-dist/fonts/type1/public/lm/lmmi8.pfb></usr/local/texlive/2021/texmf-dist/fonts/type1/public/lm/lmr12.pfb></usr/local/texlive/2021/texmf-dist/fonts/type1/public/lm/lmr6.pfb></usr/local/texlive/2021/texmf-dist/fonts/type1/public/lm/lmr8.pfb></usr/local/texlive/2021/texmf-dist/fonts/type1/public/lm/lmri12.pfb></usr/local/texlive/2021/texmf-dist/fonts/type1/public/lm/lmss12.pfb></usr/local/texlive/2021/texmf-dist/fonts/type1/public/lm/lmssbx10.pfb></usr/local/texlive/2021/texmf-dist/fonts/type1/public/lm/lmsso12.pfb></usr/local/texlive/2021/texmf-dist/fonts/type1/public/lm/lmsy10.pfb></usr/local/texlive/2021/texmf-dist/fonts/type1/public/lm/lmsy8.pfb></usr/local/texlive/2021/texmf-dist/fonts/type1/public/lm/lmtt9.pfb></usr/local/texlive/2021/texmf-dist/fonts/type1/public/lm/lmtti10.pfb></usr/local/texlive/2021/texmf-dist/fonts/type1/public/amsfonts/symbols/msam10.pfb>
Output written on /home/fcortes/Documentos/Github/TypeExtract/doc/main.pdf (18 pages, 563665 bytes).
PDF statistics:
 359 PDF objects out of 1000 (max. 8388607)
 315 compressed objects within 4 object streams
 117 named destinations out of 1000 (max. 500000)
 102 words of extra memory for PDF output out of 10000 (max. 10000000)

